Arguments: 
  C:\Program Files\nodejs\node.exe C:\Users\kimsuhyeon\AppData\Roaming\npm\node_modules\yarn\bin\yarn.js add @graphql-tools/schema apollo-server-express cors dotenv express graphql graphql-subscriptions lodash morgan pg reflect-metadata subscriptions-transport-wx typeorm

PATH: 
  C:\WINDOWS\system32;C:\WINDOWS;C:\WINDOWS\System32\Wbem;C:\WINDOWS\System32\WindowsPowerShell\v1.0\;C:\WINDOWS\System32\OpenSSH\;C:\Program Files\nodejs\;C:\Program Files\Git\cmd;C:\Program Files\Git\mingw64\bin;C:\Program Files\Git\usr\bin;C:\Users\kimsuhyeon\AppData\Local\Microsoft\WindowsApps;;C:\Users\kimsuhyeon\AppData\Local\Programs\Microsoft VS Code\bin;C:\Users\kimsuhyeon\AppData\Roaming\npm;C:\Program Files\Bandizip\

Yarn version: 
  1.22.17

Node version: 
  14.18.1

Platform: 
  win32 x64

Trace: 
  Error: https://registry.npmjs.org/subscriptions-transport-wx: Not found
      at Request.params.callback [as _callback] (C:\Users\kimsuhyeon\AppData\Roaming\npm\node_modules\yarn\lib\cli.js:67029:18)
      at Request.self.callback (C:\Users\kimsuhyeon\AppData\Roaming\npm\node_modules\yarn\lib\cli.js:140883:22)
      at Request.emit (events.js:400:28)
      at Request.<anonymous> (C:\Users\kimsuhyeon\AppData\Roaming\npm\node_modules\yarn\lib\cli.js:141855:10)
      at Request.emit (events.js:400:28)
      at IncomingMessage.<anonymous> (C:\Users\kimsuhyeon\AppData\Roaming\npm\node_modules\yarn\lib\cli.js:141777:12)
      at Object.onceWrapper (events.js:519:28)
      at IncomingMessage.emit (events.js:412:35)
      at endReadableNT (internal/streams/readable.js:1334:12)
      at processTicksAndRejections (internal/process/task_queues.js:82:21)

npm manifest: 
  {
    "name": "ranchat_backoffice_server",
    "version": "1.0.0",
    "main": "index.js",
    "license": "MIT"
  }

yarn manifest: 
  No manifest

Lockfile: 
  No lockfile
